"../../../../../../rndr/Content/materials/drawOnTop.uasset" 0
"../../../../../../rndr/Content/drawOnTop.uasset" 1
"../../../../../../rndr/Content/materials/drawOnTop_Inst.uasset" 2
"../../../../../../rndr/Content/drawOnTop_Inst.uasset" 3
"../../../../../../rndr/Content/materials/drawOnTop_Inst1.uasset" 4
"../../../../../../rndr/Content/drawOnTop_Inst1.uasset" 5
"../../../../../../rndr/Content/materials/drawOnTop_Inst_Inst.uasset" 6
"../../../../../../rndr/Content/drawOnTop_Inst_Inst.uasset" 7
"../../../Engine/Content/Functions/Engine_MaterialFunctions01/Gradient/LinearGradient.uasset" 8
"../../../Engine/Content/Functions/Engine_MaterialFunctions01/ImageAdjustment/CheapContrast.uasset" 9
"../../../Engine/Content/ArtTools/RenderToTexture/Textures/127grey.uasset" 10
"../../../Engine/Content/ArtTools/RenderToTexture/Textures/T_EV_BlankWhite_01.uasset" 11
"../../../../../../rndr/Content/materials/MasterMaterial.uasset" 12
"../../../../../../rndr/Content/MasterMaterial.uasset" 13
"../../../Engine/Content/EditorBlueprintResources/StandardMacros.uasset" 14
"../../../../../../rndr/Content/materials/wire.uasset" 15
"../../../../../../rndr/Content/RndrBaseActor_Light.uasset" 16
"../../../../../../rndr/Content/RndrBaseActor_Node.uasset" 17
"../../../../../../rndr/Content/RndrBaseActor_PhysCamera.uasset" 18
"../../../../../../rndr/Content/RndrBaseActor_renderView.uasset" 19
"../../../../../../rndr/Content/VrayInterfaceBP.uasset" 20
"../../../../../../rndr/Content/ParamType.uasset" 21
"../../../../../../rndr/Content/NullUIItem.uasset" 22
"../../../../../../rndr/Content/BrowserWidget.uasset" 23
"../../../../../../rndr/Content/PropertiesWidget.uasset" 24
"../../../../../../rndr/Content/MasterWidget.uasset" 25
"../../../../../../rndr/Content/RndrGameInstanceBP.uasset" 26
"../../../Engine/Content/Functions/Engine_MaterialFunctions01/Opacity/CameraDepthFade.uasset" 27
"../../../Engine/Content/EngineMaterials/T_Default_Material_Grid_M.uasset" 28
"../../../Engine/Content/EngineMaterials/T_Default_Material_Grid_N.uasset" 29
"../../../Engine/Content/EngineMaterials/WorldGridMaterial.uasset" 30
"../../../../../../rndr/Content/staticMeshs/TranslateArrowHandle.uasset" 31
"../../../../../../rndr/Content/RndrBaseActor.uasset" 32
"../../../../../../rndr/Content/RndrInterface.uasset" 33
"../../../../../../rndr/Content/RndrCharacterBP.uasset" 34
"../../../../../../rndr/Content/RndrPlayerControllerBP.uasset" 35
"../../../../../../rndr/Content/RndrGameModeBP.uasset" 36
"../../../../../../rndr/Content/RndrSingleton.uasset" 37
"../../../../../../rndr/Content/SelectableParams.uasset" 38
"../../../../../../rndr/Content/materials/Selectable_HighLight_Mat.uasset" 39
"../../../../../../rndr/Content/Selectable_HighLight_Mat.uasset" 40
"../../../../../../rndr/Content/TranslateArrowHandle.uasset" 41
"../../../../../../rndr/Content/wire.uasset" 42
"../../../Engine/Content/Animation/DefaultAnimCurveCompressionSettings.uasset" 43
"../../../Engine/Content/ArtTools/RenderToTexture/Meshes/S_1_Unit_Plane.uasset" 44
"../../../Engine/Content/EngineMaterials/DefaultMaterial.uasset" 45
"../../../Engine/Content/BasicShapes/Cone.uasset" 46
"../../../Engine/Content/BasicShapes/Cube.uasset" 47
"../../../Engine/Content/BasicShapes/Cylinder.uasset" 48
"../../../Engine/Content/BasicShapes/Plane.uasset" 49
"../../../Engine/Content/BasicShapes/Sphere.uasset" 50
"../../../Engine/Content/EditorLandscapeResources/DataLayer.uasset" 51
"../../../Engine/Content/EditorMaterials/GizmoMaterial.uasset" 52
"../../../Engine/Content/EditorMaterials/MAT_Groups_Toggle.uasset" 53
"../../../Engine/Content/EditorMaterials/MAT_Groups_Visibility.uasset" 54
"../../../Engine/Content/EditorMaterials/PreviewShadowIndicator.uasset" 55
"../../../Engine/Content/EditorMaterials/PreviewShadowIndicatorMaterial.uasset" 56
"../../../Engine/Content/EditorMaterials/MatineeGroups/MAT_ColorTrack.uasset" 57
"../../../Engine/Content/EditorMaterials/MatineeGroups/MAT_Groups_Anim.uasset" 58
"../../../Engine/Content/EditorMaterials/MatineeGroups/MAT_Groups_AudioMaster.uasset" 59
"../../../Engine/Content/EditorMaterials/MatineeGroups/MAT_Groups_Director.uasset" 60
"../../../Engine/Content/EditorMaterials/MatineeGroups/MAT_Groups_Event.uasset" 61
"../../../Engine/Content/EditorMaterials/MatineeGroups/MAT_Groups_Fade.uasset" 62
"../../../Engine/Content/EditorMaterials/MatineeGroups/MAT_Groups_Float.uasset" 63
"../../../Engine/Content/EditorMaterials/MatineeGroups/MAT_Groups_Move.uasset" 64
"../../../Engine/Content/EditorMaterials/MatineeGroups/MAT_Groups_Slomo.uasset" 65
"../../../Engine/Content/EditorMaterials/MatineeGroups/MAT_Groups_Sound.uasset" 66
"../../../Engine/Content/EditorMaterials/MatineeGroups/MAT_Groups_Vector.uasset" 67
"../../../Engine/Content/EditorMaterials/ParticleSystems/PSysThumbnail_NoImage.uasset" 68
"../../../Engine/Content/EditorMaterials/ParticleSystems/PSysThumbnail_OOD.uasset" 69
"../../../Engine/Content/EditorMaterials/Camera/CineMat.uasset" 70
"../../../Engine/Content/EditorMaterials/Camera/MI_CineMat_Rig.uasset" 71
"../../../Engine/Content/EditorMeshes/Camera/SM_CraneRig_Arm.uasset" 72
"../../../Engine/Content/EditorMeshes/Camera/SM_CraneRig_Base.uasset" 73
"../../../Engine/Content/EditorMeshes/Camera/SM_CraneRig_Body.uasset" 74
"../../../Engine/Content/EditorMeshes/Camera/SM_CraneRig_Mount.uasset" 75
"../../../Engine/Content/EditorMeshes/Camera/SM_RailRig_Mount.uasset" 76
"../../../Engine/Content/EditorMeshes/Camera/SM_RailRig_Track.uasset" 77
"../../../Engine/Content/EditorResources/BSPVertex.uasset" 78
"../../../Engine/Content/EditorResources/EmptyActor.uasset" 79
"../../../Engine/Content/EditorResources/S_Actor.uasset" 80
"../../../Engine/Content/EditorResources/S_Note.uasset" 81
"../../../Engine/Content/EditorResources/S_Trigger.uasset" 82
"../../../Engine/Content/EditorResources/SequenceRecorder/Countdown.uasset" 83
"../../../Engine/Content/EditorResources/SequenceRecorder/RecordingIndicator.uasset" 84
"../../../Engine/Content/EditorSounds/Notifications/CompileFailed.uasset" 85
"../../../Engine/Content/EditorSounds/Notifications/CompileFailed_Cue.uasset" 86
"../../../Engine/Content/EditorSounds/Notifications/CompileSuccess.uasset" 87
"../../../Engine/Content/EditorSounds/Notifications/CompileStart_Cue.uasset" 88
"../../../Engine/Content/EditorSounds/Notifications/CompileSuccess_Cue.uasset" 89
"../../../Engine/Content/EngineDamageTypes/DmgTypeBP_Environmental.uasset" 90
"../../../Engine/Content/EngineDebugMaterials/HeatmapGradient.uasset" 91
"../../../Engine/Content/EngineDebugMaterials/BoneWeightMaterial.uasset" 92
"../../../Engine/Content/EngineDebugMaterials/ClothMaterial.uasset" 93
"../../../Engine/Content/EngineDebugMaterials/ClothMaterial_WF.uasset" 94
"../../../Engine/Content/EngineDebugMaterials/DebugEditorMaterial.uasset" 95
"../../../Engine/Content/EngineDebugMaterials/DebugMeshMaterial.uasset" 96
"../../../Engine/Content/EngineDebugMaterials/GeomMaterial.uasset" 97
"../../../Engine/Content/EngineDebugMaterials/M_SimpleTranslucent.uasset" 98
"../../../Engine/Content/EngineFonts/Faces/RobotoBold.uasset" 99
"../../../Engine/Content/EngineFonts/Faces/RobotoBoldItalic.uasset" 100
"../../../Engine/Content/EngineFonts/Faces/RobotoItalic.uasset" 101
"../../../Engine/Content/EngineFonts/Faces/RobotoLight.uasset" 102
"../../../Engine/Content/EngineFonts/Faces/RobotoRegular.uasset" 103
"../../../Engine/Content/EngineFonts/Roboto.uasset" 104
"../../../Engine/Content/EngineFonts/Faces/RobotoTiny.uasset" 105
"../../../Engine/Content/EngineFonts/RobotoTiny.uasset" 106
"../../../Engine/Content/EngineMaterials/BaseFlattenDiffuseMap.uasset" 107
"../../../Engine/Content/EngineMaterials/BaseFlattenEmissiveMap.uasset" 108
"../../../Engine/Content/EngineMaterials/BaseFlattenGrayscaleMap.uasset" 109
"../../../Engine/Content/EngineMaterials/BaseFlattenNormalMap.uasset" 110
"../../../Engine/Content/EngineMaterials/BaseFlattenMaterial.uasset" 111
"../../../Engine/Content/EngineMaterials/DefaultBloomKernel.uasset" 112
"../../../Engine/Content/EngineMaterials/DefaultBokeh.uasset" 113
"../../../Engine/Content/EngineMaterials/DefaultDiffuse.uasset" 114
"../../../Engine/Content/EngineMaterials/DefaultDeferredDecalMaterial.uasset" 115
"../../../Engine/Content/EngineMaterials/DefaultLightFunctionMaterial.uasset" 116
"../../../Engine/Content/EngineMaterials/DefaultPhysicalMaterial.uasset" 117
"../../../Engine/Content/Functions/Engine_MaterialFunctions02/Utility/BreakOutFloat2Components.uasset" 118
"../../../Engine/Content/EngineMaterials/DefaultPostProcessMaterial.uasset" 119
"../../../Engine/Content/EngineFonts/RobotoDistanceField.uasset" 120
"../../../Engine/Content/EngineMaterials/DefaultTextMaterialOpaque.uasset" 121
"../../../Engine/Content/EngineMaterials/DefaultWhiteGrid.uasset" 122
"../../../Engine/Content/EngineMaterials/EditorBrushMaterial.uasset" 123
"../../../Engine/Content/EngineMaterials/Good64x64TilingNoiseHighFreq.uasset" 124
"../../../Engine/Content/EngineMaterials/MiniFont.uasset" 125
"../../../Engine/Content/EngineMaterials/InvalidLightmapSettings.uasset" 126
"../../../Engine/Content/EngineMaterials/M_InvalidLightmapSettings.uasset" 127
"../../../Engine/Content/Functions/Engine_MaterialFunctions02/WorldPositionOffset/CameraOffset.uasset" 128
"../../../Engine/Content/EngineMaterials/PhAT_JointLimitMaterial.uasset" 129
"../../../Engine/Content/EngineMaterials/PreintegratedSkinBRDF.uasset" 130
"../../../Engine/Content/EngineMaterials/RemoveSurfaceMaterial.uasset" 131
"../../../Engine/Content/EngineMaterials/WeightMapPlaceholderTexture.uasset" 132
"../../../Engine/Content/EngineResources/WhiteSquareTexture.uasset" 133
"../../../Engine/Content/EngineMaterials/Widget3DPassThrough.uasset" 134
"../../../Engine/Content/EngineMaterials/Widget3DPassThrough_Masked.uasset" 135
"../../../Engine/Content/EngineMaterials/Widget3DPassThrough_Opaque.uasset" 136
"../../../Engine/Content/EngineMaterials/Widget3DPassThrough_Masked_OneSided.uasset" 137
"../../../Engine/Content/EngineMaterials/Widget3DPassThrough_Opaque_OneSided.uasset" 138
"../../../Engine/Content/EngineMaterials/Widget3DPassThrough_Translucent.uasset" 139
"../../../Engine/Content/EngineMaterials/Widget3DPassThrough_Translucent_OneSided.uasset" 140
"../../../Engine/Content/EngineMeshes/Cylinder.uasset" 141
"../../../Engine/Content/EngineMeshes/Sphere.uasset" 142
"../../../Engine/Content/EngineResources/Black.uasset" 143
"../../../Engine/Content/EngineResources/DefaultTexture.uasset" 144
"../../../Engine/Content/EngineResources/DefaultTextureCube.uasset" 145
"../../../Engine/Content/EngineResources/DefaultVolumeTexture2D.uasset" 146
"../../../Engine/Content/EngineResources/DefaultVolumeTexture.uasset" 147
"../../../Engine/Content/EngineResources/GradientTexture0.uasset" 148
"../../../Engine/Content/EngineSounds/Master.uasset" 149
"../../../Engine/Content/Functions/Engine_MaterialFunctions01/Shading/ConvertFromDiffSpec.uasset" 150
"../../../Engine/Content/Functions/Engine_MaterialFunctions01/Shading/PowerToRoughness.uasset" 151
"../../../Engine/Content/Maps/Templates/Thumbnails/Default.uasset" 152
"../../../Engine/Content/Maps/Templates/Thumbnails/VR-Basic.uasset" 153
"../../../Engine/Content/MobileResources/T_MobileControls_texture.uasset" 154
"../../../Engine/Content/MobileResources/T_MobileMenu2.uasset" 155
"../../../Engine/Content/MobileResources/HUD/AnalogHat.uasset" 156
"../../../Engine/Content/MobileResources/HUD/VirtualJoystick_Background.uasset" 157
"../../../Engine/Content/MobileResources/HUD/VirtualJoystick_Thumb.uasset" 158
"../../../Engine/Content/MobileResources/HUD/DefaultVirtualJoysticks.uasset" 159
"../../../Engine/Content/MobileResources/HUD/LeftVirtualJoystickOnly.uasset" 160
"../../../Engine/Content/MobileResources/HUD/MobileHUDButton1_off.uasset" 161
"../../../Engine/Content/MobileResources/HUD/MobileHUDButton1_on.uasset" 162
"../../../Engine/Content/MobileResources/HUD/MobileHUDButton2_off.uasset" 163
"../../../Engine/Content/MobileResources/HUD/MobileHUDButton2_on.uasset" 164
"../../../Engine/Content/MobileResources/HUD/MobileHUDButton3.uasset" 165
"../../../Engine/Content/MobileResources/HUD/MobileHUDButtonFire.uasset" 166
"../../../Engine/Content/MobileResources/HUD/MobileHUDDirectionPad.uasset" 167
"../../../Engine/Content/MobileResources/HUD/MobileHUDDirectionPad2.uasset" 168
"../../../Engine/Content/MobileResources/HUD/MobileHUDDirectionPad3.uasset" 169
"../../../Engine/Content/MobileResources/HUD/MobileHUDDirectionStick.uasset" 170
"../../../Engine/Content/MobileResources/HUD/T_Castle_ThumbstickInner.uasset" 171
"../../../Engine/Content/MobileResources/HUD/T_Castle_ThumbstickOutter.uasset" 172
"../../../Engine/Content/Tutorial/ContentIntroCurve.uasset" 173
"../../../Engine/Content/Tutorial/Basics/LevelEditorAttract.uasset" 174
"../../../Engine/Content/Tutorial/Basics/TutorialAssets/icon_tab_Levels_40x.uasset" 175
"../../../Engine/Content/Tutorial/Basics/LevelEditorOverview.uasset" 176
"../../../Engine/Content/VREditor/LaserPointer/VR_LaserPower_01.uasset" 177
"../../../Engine/Content/VREditor/TransformGizmo/TransformGizmoMaterial.uasset" 178
"../../../Engine/Content/VREditor/TransformGizmo/TranslucentTransformGizmoMaterial.uasset" 179
"../../../Engine/Content/VREditor/TransformGizmo/BoundingBoxCorner.uasset" 180
"../../../Engine/Content/VREditor/TransformGizmo/BoundingBoxEdge.uasset" 181
"../../../Engine/Content/VREditor/TransformGizmo/PlaneTranslationHandle.uasset" 182
"../../../Engine/Content/VREditor/TransformGizmo/Main.uasset" 183
"../../../Engine/Content/VREditor/TransformGizmo/Xray.uasset" 184
"../../../Engine/Content/VREditor/TransformGizmo/SM_Sequencer_Key.uasset" 185
"../../../Engine/Content/VREditor/TransformGizmo/SM_Sequencer_Node.uasset" 186
"../../Plugins/2D/Paper2D/Content/PlaceholderTextures/DummySpriteTexture.uasset" 187
"../../Plugins/2D/Paper2D/Content/DummySprite.uasset" 188
"../../Plugins/2D/Paper2D/Content/DefaultPaperTerrainMaterial.uasset" 189
"../../Plugins/2D/Paper2D/Content/DummySpriteTexture.uasset" 190
"../../Plugins/2D/Paper2D/Content/DefaultSpriteMaterial.uasset" 191
"../../Plugins/2D/Paper2D/Content/MaskedUnlitSpriteMaterial.uasset" 192
"../../Plugins/2D/Paper2D/Content/OpaqueUnlitSpriteMaterial.uasset" 193
"../../Plugins/Runtime/Oculus/OculusVR/Content/OculusMR_RenderTarget.uasset" 194
"../../../Engine/Content/Functions/Engine_MaterialFunctions02/Utility/BreakOutFloat4Components.uasset" 195
"../../../Engine/Content/Functions/Engine_MaterialFunctions02/Utility/MakeFloat2.uasset" 196
"../../../Engine/Content/Functions/Engine_MaterialFunctions02/Utility/MakeFloat3.uasset" 197
"../../Plugins/Runtime/Oculus/OculusVR/Content/Materials/OculusMR_ChromaKey.uasset" 198
"../../Plugins/Runtime/Oculus/OculusVR/Content/Materials/OculusMR_ChromaKey_Lit.uasset" 199
"../../Plugins/Runtime/Oculus/OculusVR/Content/Materials/OculusMR_OpaqueColoredMaterial.uasset" 200
"../../Plugins/Runtime/Oculus/OculusVR/Content/Materials/OculusMR_WhiteMaterial.uasset" 201
"../../Plugins/Runtime/Oculus/OculusVR/Content/Materials/PokeAHoleMaterial.uasset" 202
"../../Plugins/Runtime/Oculus/OculusVR/Content/Textures/GearVRController_AO.uasset" 203
"../../Plugins/Runtime/Oculus/OculusVR/Content/Textures/GearVRController_Color.uasset" 204
"../../Plugins/Runtime/Oculus/OculusVR/Content/Textures/GearVRController_Normal.uasset" 205
"../../Plugins/Runtime/Oculus/OculusVR/Content/Materials/GearVRControllerMaterial.uasset" 206
"../../Plugins/Runtime/Oculus/OculusVR/Content/Meshes/GearVrController.uasset" 207
"../../Plugins/Runtime/Oculus/OculusVR/Content/Textures/touchController_albedo.uasset" 208
"../../Plugins/Runtime/Oculus/OculusVR/Content/Textures/touchController_controlmap.uasset" 209
"../../Plugins/Runtime/Oculus/OculusVR/Content/Materials/touchController_mat.uasset" 210
"../../Plugins/Runtime/Oculus/OculusVR/Content/Meshes/LeftTouchController.uasset" 211
"../../Plugins/Runtime/Oculus/OculusVR/Content/Meshes/RiftHMD.uasset" 212
"../../Plugins/Runtime/Oculus/OculusVR/Content/Meshes/RightTouchController.uasset" 213
"../../../../../../rndr/Content/base_BuiltData.uasset" 214
"../../../Engine/Content/EngineResources/GrayLightTextureCube.uasset" 215
"../../../../../../rndr/Content/base.umap" 216
"../../../Engine/Content/Maps/Entry_BuiltData.uasset" 217
"../../../Engine/Content/Maps/Entry.umap" 218
